<?xml version="1.0" encoding="UTF-8"?>
<testsuite xmlns:xsi="http://www.w3.org/2001/XMLSchema-instance" xsi:noNamespaceSchemaLocation="https://maven.apache.org/surefire/maven-surefire-plugin/xsd/surefire-test-report-3.0.xsd" version="3.0" name="TestSuite" time="1.482" tests="1" errors="0" skipped="0" failures="0">
  <properties>
    <property name="java.specification.version" value="21"/>
    <property name="sun.jnu.encoding" value="UTF-8"/>
    <property name="java.class.path" value="/Users/solvd/.m2/repository/org/apache/maven/surefire/surefire-booter/3.0.0-M6/surefire-booter-3.0.0-M6.jar:/Users/solvd/.m2/repository/org/apache/maven/surefire/surefire-api/3.0.0-M6/surefire-api-3.0.0-M6.jar:/Users/solvd/.m2/repository/org/apache/maven/surefire/surefire-logger-api/3.0.0-M6/surefire-logger-api-3.0.0-M6.jar:/Users/solvd/.m2/repository/org/apache/maven/surefire/surefire-shared-utils/3.0.0-M6/surefire-shared-utils-3.0.0-M6.jar:/Users/solvd/.m2/repository/org/apache/maven/surefire/surefire-extensions-spi/3.0.0-M6/surefire-extensions-spi-3.0.0-M6.jar:/Users/solvd/Desktop/Java/CucumberPostEducation/CucumberProject/target/test-classes:/Users/solvd/Desktop/Java/CucumberPostEducation/CucumberProject/target/classes:/Users/solvd/.m2/repository/com/zebrunner/carina-cucumber/1.0.0/carina-cucumber-1.0.0.jar:/Users/solvd/.m2/repository/com/google/guava/guava/31.1-jre/guava-31.1-jre.jar:/Users/solvd/.m2/repository/com/google/guava/failureaccess/1.0.1/failureaccess-1.0.1.jar:/Users/solvd/.m2/repository/com/google/guava/listenablefuture/9999.0-empty-to-avoid-conflict-with-guava/listenablefuture-9999.0-empty-to-avoid-conflict-with-guava.jar:/Users/solvd/.m2/repository/com/google/code/findbugs/jsr305/3.0.2/jsr305-3.0.2.jar:/Users/solvd/.m2/repository/org/checkerframework/checker-qual/3.12.0/checker-qual-3.12.0.jar:/Users/solvd/.m2/repository/com/google/errorprone/error_prone_annotations/2.11.0/error_prone_annotations-2.11.0.jar:/Users/solvd/.m2/repository/com/google/j2objc/j2objc-annotations/1.3/j2objc-annotations-1.3.jar:/Users/solvd/.m2/repository/io/cucumber/cucumber-testng/7.9.0/cucumber-testng-7.9.0.jar:/Users/solvd/.m2/repository/org/apiguardian/apiguardian-api/1.1.2/apiguardian-api-1.1.2.jar:/Users/solvd/.m2/repository/io/cucumber/cucumber-core/7.9.0/cucumber-core-7.9.0.jar:/Users/solvd/.m2/repository/io/cucumber/cucumber-gherkin/7.9.0/cucumber-gherkin-7.9.0.jar:/Users/solvd/.m2/repository/io/cucumber/cucumber-gherkin-messages/7.9.0/cucumber-gherkin-messages-7.9.0.jar:/Users/solvd/.m2/repository/io/cucumber/gherkin/24.1.0/gherkin-24.1.0.jar:/Users/solvd/.m2/repository/io/cucumber/messages/19.1.4/messages-19.1.4.jar:/Users/solvd/.m2/repository/io/cucumber/tag-expressions/4.1.0/tag-expressions-4.1.0.jar:/Users/solvd/.m2/repository/io/cucumber/cucumber-expressions/16.0.0/cucumber-expressions-16.0.0.jar:/Users/solvd/.m2/repository/io/cucumber/datatable/7.9.0/datatable-7.9.0.jar:/Users/solvd/.m2/repository/io/cucumber/cucumber-plugin/7.9.0/cucumber-plugin-7.9.0.jar:/Users/solvd/.m2/repository/io/cucumber/docstring/7.9.0/docstring-7.9.0.jar:/Users/solvd/.m2/repository/io/cucumber/html-formatter/20.1.0/html-formatter-20.1.0.jar:/Users/solvd/.m2/repository/io/cucumber/ci-environment/9.1.0/ci-environment-9.1.0.jar:/Users/solvd/.m2/repository/org/testng/testng/7.6.1/testng-7.6.1.jar:/Users/solvd/.m2/repository/com/beust/jcommander/1.82/jcommander-1.82.jar:/Users/solvd/.m2/repository/org/webjars/jquery/3.6.0/jquery-3.6.0.jar:/Users/solvd/.m2/repository/io/cucumber/cucumber-java/7.9.0/cucumber-java-7.9.0.jar:/Users/solvd/.m2/repository/net/masterthought/cucumber-reporting/5.7.5/cucumber-reporting-5.7.5.jar:/Users/solvd/.m2/repository/com/fasterxml/jackson/core/jackson-databind/2.13.2.2/jackson-databind-2.13.2.2.jar:/Users/solvd/.m2/repository/com/fasterxml/jackson/core/jackson-annotations/2.13.2/jackson-annotations-2.13.2.jar:/Users/solvd/.m2/repository/com/fasterxml/jackson/core/jackson-core/2.13.2/jackson-core-2.13.2.jar:/Users/solvd/.m2/repository/com/fasterxml/jackson/datatype/jackson-datatype-jsr310/2.13.2/jackson-datatype-jsr310-2.13.2.jar:/Users/solvd/.m2/repository/org/apache/velocity/velocity-engine-core/2.3/velocity-engine-core-2.3.jar:/Users/solvd/.m2/repository/org/apache/commons/commons-collections4/4.4/commons-collections4-4.4.jar:/Users/solvd/.m2/repository/joda-time/joda-time/2.12.2/joda-time-2.12.2.jar:/Users/solvd/.m2/repository/org/apache/commons/commons-lang3/3.12.0/commons-lang3-3.12.0.jar:/Users/solvd/.m2/repository/commons-io/commons-io/2.7/commons-io-2.7.jar:/Users/solvd/.m2/repository/org/codehaus/plexus/plexus-utils/3.5.0/plexus-utils-3.5.0.jar:/Users/solvd/.m2/repository/org/jsoup/jsoup/1.15.4/jsoup-1.15.4.jar:/Users/solvd/.m2/repository/com/googlecode/owasp-java-html-sanitizer/owasp-java-html-sanitizer/20220608.1/owasp-java-html-sanitizer-20220608.1.jar:/Users/solvd/.m2/repository/commons-configuration/commons-configuration/1.10/commons-configuration-1.10.jar:/Users/solvd/.m2/repository/commons-lang/commons-lang/2.6/commons-lang-2.6.jar:/Users/solvd/.m2/repository/commons-logging/commons-logging/1.1.1/commons-logging-1.1.1.jar:/Users/solvd/.m2/repository/com/zebrunner/carina-core/1.0.0/carina-core-1.0.0.jar:/Users/solvd/.m2/repository/com/zebrunner/carina-webdriver/1.0.2/carina-webdriver-1.0.2.jar:/Users/solvd/.m2/repository/com/zebrunner/carina-commons/1.0.2/carina-commons-1.0.2.jar:/Users/solvd/.m2/repository/com/zebrunner/carina-proxy/1.0.1/carina-proxy-1.0.1.jar:/Users/solvd/.m2/repository/com/browserup/browserup-proxy-core/2.1.2/browserup-proxy-core-2.1.2.jar:/Users/solvd/.m2/repository/xyz/rogfam/littleproxy/2.0.0-beta-5/littleproxy-2.0.0-beta-5.jar:/Users/solvd/.m2/repository/com/barchart/udt/barchart-udt-bundle/2.3.0/barchart-udt-bundle-2.3.0.jar:/Users/solvd/.m2/repository/com/browserup/browserup-proxy-mitm/2.1.2/browserup-proxy-mitm-2.1.2.jar:/Users/solvd/.m2/repository/com/jcraft/jzlib/1.1.3/jzlib-1.1.3.jar:/Users/solvd/.m2/repository/dnsjava/dnsjava/3.1.0/dnsjava-3.1.0.jar:/Users/solvd/.m2/repository/org/bouncycastle/bcpkix-jdk15on/1.64/bcpkix-jdk15on-1.64.jar:/Users/solvd/.m2/repository/org/bouncycastle/bcprov-jdk15on/1.64/bcprov-jdk15on-1.64.jar:/Users/solvd/.m2/repository/org/brotli/dec/0.1.2/dec-0.1.2.jar:/Users/solvd/.m2/repository/org/slf4j/jcl-over-slf4j/1.7.30/jcl-over-slf4j-1.7.30.jar:/Users/solvd/.m2/repository/io/netty/netty-all/4.1.80.Final/netty-all-4.1.80.Final.jar:/Users/solvd/.m2/repository/io/netty/netty-codec/4.1.80.Final/netty-codec-4.1.80.Final.jar:/Users/solvd/.m2/repository/io/netty/netty-codec-dns/4.1.80.Final/netty-codec-dns-4.1.80.Final.jar:/Users/solvd/.m2/repository/io/netty/netty-codec-haproxy/4.1.80.Final/netty-codec-haproxy-4.1.80.Final.jar:/Users/solvd/.m2/repository/io/netty/netty-codec-http2/4.1.80.Final/netty-codec-http2-4.1.80.Final.jar:/Users/solvd/.m2/repository/io/netty/netty-codec-memcache/4.1.80.Final/netty-codec-memcache-4.1.80.Final.jar:/Users/solvd/.m2/repository/io/netty/netty-codec-mqtt/4.1.80.Final/netty-codec-mqtt-4.1.80.Final.jar:/Users/solvd/.m2/repository/io/netty/netty-codec-redis/4.1.80.Final/netty-codec-redis-4.1.80.Final.jar:/Users/solvd/.m2/repository/io/netty/netty-codec-smtp/4.1.80.Final/netty-codec-smtp-4.1.80.Final.jar:/Users/solvd/.m2/repository/io/netty/netty-codec-socks/4.1.80.Final/netty-codec-socks-4.1.80.Final.jar:/Users/solvd/.m2/repository/io/netty/netty-codec-stomp/4.1.80.Final/netty-codec-stomp-4.1.80.Final.jar:/Users/solvd/.m2/repository/io/netty/netty-codec-xml/4.1.80.Final/netty-codec-xml-4.1.80.Final.jar:/Users/solvd/.m2/repository/io/netty/netty-handler/4.1.80.Final/netty-handler-4.1.80.Final.jar:/Users/solvd/.m2/repository/io/netty/netty-handler-proxy/4.1.80.Final/netty-handler-proxy-4.1.80.Final.jar:/Users/solvd/.m2/repository/io/netty/netty-resolver/4.1.80.Final/netty-resolver-4.1.80.Final.jar:/Users/solvd/.m2/repository/io/netty/netty-resolver-dns/4.1.80.Final/netty-resolver-dns-4.1.80.Final.jar:/Users/solvd/.m2/repository/io/netty/netty-transport-rxtx/4.1.80.Final/netty-transport-rxtx-4.1.80.Final.jar:/Users/solvd/.m2/repository/io/netty/netty-transport-sctp/4.1.80.Final/netty-transport-sctp-4.1.80.Final.jar:/Users/solvd/.m2/repository/io/netty/netty-transport-udt/4.1.80.Final/netty-transport-udt-4.1.80.Final.jar:/Users/solvd/.m2/repository/io/netty/netty-resolver-dns-classes-macos/4.1.80.Final/netty-resolver-dns-classes-macos-4.1.80.Final.jar:/Users/solvd/.m2/repository/io/netty/netty-transport-native-epoll/4.1.80.Final/netty-transport-native-epoll-4.1.80.Final-linux-x86_64.jar:/Users/solvd/.m2/repository/io/netty/netty-transport-native-epoll/4.1.80.Final/netty-transport-native-epoll-4.1.80.Final-linux-aarch_64.jar:/Users/solvd/.m2/repository/io/netty/netty-transport-native-kqueue/4.1.80.Final/netty-transport-native-kqueue-4.1.80.Final-osx-x86_64.jar:/Users/solvd/.m2/repository/io/netty/netty-transport-native-kqueue/4.1.80.Final/netty-transport-native-kqueue-4.1.80.Final-osx-aarch_64.jar:/Users/solvd/.m2/repository/io/netty/netty-resolver-dns-native-macos/4.1.80.Final/netty-resolver-dns-native-macos-4.1.80.Final-osx-x86_64.jar:/Users/solvd/.m2/repository/io/netty/netty-resolver-dns-native-macos/4.1.80.Final/netty-resolver-dns-native-macos-4.1.80.Final-osx-aarch_64.jar:/Users/solvd/.m2/repository/io/netty/netty-tcnative-classes/2.0.54.Final/netty-tcnative-classes-2.0.54.Final.jar:/Users/solvd/.m2/repository/org/seleniumhq/selenium/selenium-support/4.4.0/selenium-support-4.4.0.jar:/Users/solvd/.m2/repository/com/google/auto/service/auto-service-annotations/1.0.1/auto-service-annotations-1.0.1.jar:/Users/solvd/.m2/repository/com/google/auto/service/auto-service/1.0.1/auto-service-1.0.1.jar:/Users/solvd/.m2/repository/com/google/auto/auto-common/1.2/auto-common-1.2.jar:/Users/solvd/.m2/repository/org/seleniumhq/selenium/selenium-json/4.4.0/selenium-json-4.4.0.jar:/Users/solvd/.m2/repository/org/seleniumhq/selenium/selenium-api/4.4.0/selenium-api-4.4.0.jar:/Users/solvd/.m2/repository/org/seleniumhq/selenium/selenium-remote-driver/4.4.0/selenium-remote-driver-4.4.0.jar:/Users/solvd/.m2/repository/io/netty/netty-buffer/4.1.78.Final/netty-buffer-4.1.78.Final.jar:/Users/solvd/.m2/repository/io/netty/netty-codec-http/4.1.78.Final/netty-codec-http-4.1.78.Final.jar:/Users/solvd/.m2/repository/io/netty/netty-common/4.1.78.Final/netty-common-4.1.78.Final.jar:/Users/solvd/.m2/repository/io/netty/netty-transport-classes-epoll/4.1.78.Final/netty-transport-classes-epoll-4.1.78.Final.jar:/Users/solvd/.m2/repository/io/netty/netty-transport-classes-kqueue/4.1.78.Final/netty-transport-classes-kqueue-4.1.78.Final.jar:/Users/solvd/.m2/repository/io/netty/netty-transport-native-epoll/4.1.78.Final/netty-transport-native-epoll-4.1.78.Final.jar:/Users/solvd/.m2/repository/io/netty/netty-transport-native-kqueue/4.1.78.Final/netty-transport-native-kqueue-4.1.78.Final.jar:/Users/solvd/.m2/repository/io/netty/netty-transport-native-unix-common/4.1.78.Final/netty-transport-native-unix-common-4.1.78.Final.jar:/Users/solvd/.m2/repository/io/netty/netty-transport/4.1.78.Final/netty-transport-4.1.78.Final.jar:/Users/solvd/.m2/repository/io/opentelemetry/opentelemetry-api/1.16.0/opentelemetry-api-1.16.0.jar:/Users/solvd/.m2/repository/io/opentelemetry/opentelemetry-context/1.16.0/opentelemetry-context-1.16.0.jar:/Users/solvd/.m2/repository/io/opentelemetry/opentelemetry-exporter-logging/1.16.0/opentelemetry-exporter-logging-1.16.0.jar:/Users/solvd/.m2/repository/io/opentelemetry/opentelemetry-sdk-metrics/1.16.0/opentelemetry-sdk-metrics-1.16.0.jar:/Users/solvd/.m2/repository/io/opentelemetry/opentelemetry-sdk-logs/1.16.0-alpha/opentelemetry-sdk-logs-1.16.0-alpha.jar:/Users/solvd/.m2/repository/io/opentelemetry/opentelemetry-sdk-common/1.16.0/opentelemetry-sdk-common-1.16.0.jar:/Users/solvd/.m2/repository/io/opentelemetry/opentelemetry-sdk-extension-autoconfigure-spi/1.16.0/opentelemetry-sdk-extension-autoconfigure-spi-1.16.0.jar:/Users/solvd/.m2/repository/io/opentelemetry/opentelemetry-sdk-extension-autoconfigure/1.16.0-alpha/opentelemetry-sdk-extension-autoconfigure-1.16.0-alpha.jar:/Users/solvd/.m2/repository/io/opentelemetry/opentelemetry-sdk-trace/1.16.0/opentelemetry-sdk-trace-1.16.0.jar:/Users/solvd/.m2/repository/io/opentelemetry/opentelemetry-sdk/1.16.0/opentelemetry-sdk-1.16.0.jar:/Users/solvd/.m2/repository/io/opentelemetry/opentelemetry-semconv/1.16.0-alpha/opentelemetry-semconv-1.16.0-alpha.jar:/Users/solvd/.m2/repository/io/ous/jtoml/2.0.0/jtoml-2.0.0.jar:/Users/solvd/.m2/repository/org/apache/commons/commons-exec/1.3/commons-exec-1.3.jar:/Users/solvd/.m2/repository/org/asynchttpclient/async-http-client/2.12.3/async-http-client-2.12.3.jar:/Users/solvd/.m2/repository/org/asynchttpclient/async-http-client-netty-utils/2.12.3/async-http-client-netty-utils-2.12.3.jar:/Users/solvd/.m2/repository/org/reactivestreams/reactive-streams/1.0.3/reactive-streams-1.0.3.jar:/Users/solvd/.m2/repository/com/typesafe/netty/netty-reactive-streams/2.0.4/netty-reactive-streams-2.0.4.jar:/Users/solvd/.m2/repository/com/sun/activation/jakarta.activation/1.2.2/jakarta.activation-1.2.2.jar:/Users/solvd/.m2/repository/org/seleniumhq/selenium/selenium-http/4.4.0/selenium-http-4.4.0.jar:/Users/solvd/.m2/repository/dev/failsafe/failsafe/3.2.4/failsafe-3.2.4.jar:/Users/solvd/.m2/repository/org/seleniumhq/selenium/selenium-firefox-driver/4.4.0/selenium-firefox-driver-4.4.0.jar:/Users/solvd/.m2/repository/org/seleniumhq/selenium/selenium-devtools-v85/4.4.0/selenium-devtools-v85-4.4.0.jar:/Users/solvd/.m2/repository/org/seleniumhq/selenium/selenium-chrome-driver/4.4.0/selenium-chrome-driver-4.4.0.jar:/Users/solvd/.m2/repository/org/seleniumhq/selenium/selenium-chromium-driver/4.4.0/selenium-chromium-driver-4.4.0.jar:/Users/solvd/.m2/repository/io/appium/java-client/8.2.0/java-client-8.2.0.jar:/Users/solvd/.m2/repository/commons-codec/commons-codec/1.15/commons-codec-1.15.jar:/Users/solvd/.m2/repository/cglib/cglib/3.3.0/cglib-3.3.0.jar:/Users/solvd/.m2/repository/org/ow2/asm/asm/7.1/asm-7.1.jar:/Users/solvd/.m2/repository/commons-validator/commons-validator/1.7/commons-validator-1.7.jar:/Users/solvd/.m2/repository/commons-digester/commons-digester/2.1/commons-digester-2.1.jar:/Users/solvd/.m2/repository/ru/yandex/qatools/ashot/ashot/1.5.4/ashot-1.5.4.jar:/Users/solvd/.m2/repository/com/itextpdf/itextpdf/5.5.13.3/itextpdf-5.5.13.3.jar:/Users/solvd/.m2/repository/org/reflections/reflections/0.9.10/reflections-0.9.10.jar:/Users/solvd/.m2/repository/org/javassist/javassist/3.19.0-GA/javassist-3.19.0-GA.jar:/Users/solvd/.m2/repository/com/google/code/findbugs/annotations/2.0.1/annotations-2.0.1.jar:/Users/solvd/.m2/repository/com/sun/jersey/jersey-core/1.19.4/jersey-core-1.19.4.jar:/Users/solvd/.m2/repository/javax/ws/rs/jsr311-api/1.1.1/jsr311-api-1.1.1.jar:/Users/solvd/.m2/repository/commons-collections/commons-collections/3.2.2/commons-collections-3.2.2.jar:/Users/solvd/.m2/repository/org/hamcrest/hamcrest-core/1.3/hamcrest-core-1.3.jar:/Users/solvd/.m2/repository/org/hamcrest/hamcrest-all/1.3/hamcrest-all-1.3.jar:/Users/solvd/.m2/repository/org/json/json/20160810/json-20160810.jar:/Users/solvd/.m2/repository/com/zebrunner/carina-utils/1.0.3/carina-utils-1.0.3.jar:/Users/solvd/.m2/repository/com/zebrunner/carina-crypto/1.0.1/carina-crypto-1.0.1.jar:/Users/solvd/.m2/repository/commons-cli/commons-cli/1.5.0/commons-cli-1.5.0.jar:/Users/solvd/.m2/repository/com/sun/jna/jna/3.0.9/jna-3.0.9.jar:/Users/solvd/.m2/repository/org/apache/pdfbox/pdfbox/2.0.24/pdfbox-2.0.24.jar:/Users/solvd/.m2/repository/org/apache/pdfbox/fontbox/2.0.24/fontbox-2.0.24.jar:/Users/solvd/.m2/repository/org/mongodb/mongo-java-driver/2.11.3/mongo-java-driver-2.11.3.jar:/Users/solvd/.m2/repository/commons-net/commons-net/3.9.0/commons-net-3.9.0.jar:/Users/solvd/.m2/repository/org/imgscalr/imgscalr-lib/4.2/imgscalr-lib-4.2.jar:/Users/solvd/.m2/repository/com/google/code/gson/gson/2.9.0/gson-2.9.0.jar:/Users/solvd/.m2/repository/javax/xml/bind/jaxb-api/2.2.2/jaxb-api-2.2.2.jar:/Users/solvd/.m2/repository/javax/xml/stream/stax-api/1.0-2/stax-api-1.0-2.jar:/Users/solvd/.m2/repository/javax/activation/activation/1.1/activation-1.1.jar:/Users/solvd/.m2/repository/org/apache/poi/poi-ooxml/4.1.2/poi-ooxml-4.1.2.jar:/Users/solvd/.m2/repository/org/apache/poi/poi/4.1.2/poi-4.1.2.jar:/Users/solvd/.m2/repository/org/apache/commons/commons-math3/3.6.1/commons-math3-3.6.1.jar:/Users/solvd/.m2/repository/com/zaxxer/SparseBitSet/1.2/SparseBitSet-1.2.jar:/Users/solvd/.m2/repository/org/apache/poi/poi-ooxml-schemas/4.1.2/poi-ooxml-schemas-4.1.2.jar:/Users/solvd/.m2/repository/org/apache/xmlbeans/xmlbeans/3.1.0/xmlbeans-3.1.0.jar:/Users/solvd/.m2/repository/org/apache/commons/commons-compress/1.19/commons-compress-1.19.jar:/Users/solvd/.m2/repository/com/github/virtuald/curvesapi/1.06/curvesapi-1.06.jar:/Users/solvd/.m2/repository/com/zebrunner/agent-testng-pluggable/1.9.3/agent-testng-pluggable-1.9.3.jar:/Users/solvd/.m2/repository/com/zebrunner/agent-core/1.9.3/agent-core-1.9.3.jar:/Users/solvd/.m2/repository/com/konghq/unirest-java/3.13.10/unirest-java-3.13.10.jar:/Users/solvd/.m2/repository/org/apache/httpcomponents/httpclient/4.5.13/httpclient-4.5.13.jar:/Users/solvd/.m2/repository/org/apache/httpcomponents/httpcore/4.4.13/httpcore-4.4.13.jar:/Users/solvd/.m2/repository/org/apache/httpcomponents/httpmime/4.5.13/httpmime-4.5.13.jar:/Users/solvd/.m2/repository/org/apache/httpcomponents/httpcore-nio/4.4.13/httpcore-nio-4.4.13.jar:/Users/solvd/.m2/repository/org/apache/httpcomponents/httpasyncclient/4.1.5/httpasyncclient-4.1.5.jar:/Users/solvd/.m2/repository/org/yaml/snakeyaml/1.30/snakeyaml-1.30.jar:/Users/solvd/.m2/repository/org/apache/logging/log4j/log4j-slf4j-impl/2.17.1/log4j-slf4j-impl-2.17.1.jar:/Users/solvd/.m2/repository/com/nordstrom/tools/testng-foundation/2.0.1/testng-foundation-2.0.1.jar:/Users/solvd/.m2/repository/com/nordstrom/tools/java-utils/1.9.3/java-utils-1.9.3.jar:/Users/solvd/.m2/repository/com/nordstrom/tools/settings/2.3.3/settings-2.3.3.jar:/Users/solvd/.m2/repository/org/apache/commons/commons-configuration2/2.3/commons-configuration2-2.3.jar:/Users/solvd/.m2/repository/commons-beanutils/commons-beanutils/1.9.4/commons-beanutils-1.9.4.jar:/Users/solvd/.m2/repository/org/slf4j/slf4j-api/1.7.30/slf4j-api-1.7.30.jar:/Users/solvd/.m2/repository/org/apache/logging/log4j/log4j-api/2.17.1/log4j-api-2.17.1.jar:/Users/solvd/.m2/repository/org/apache/logging/log4j/log4j-core/2.17.1/log4j-core-2.17.1.jar:/Users/solvd/.m2/repository/net/bytebuddy/byte-buddy/1.12.10/byte-buddy-1.12.10.jar:/Users/solvd/.m2/repository/org/apache/maven/surefire/surefire-testng/3.0.0-M6/surefire-testng-3.0.0-M6.jar:/Users/solvd/.m2/repository/org/apache/maven/surefire/common-java5/3.0.0-M6/common-java5-3.0.0-M6.jar:/Users/solvd/.m2/repository/org/apache/maven/surefire/surefire-testng-utils/3.0.0-M6/surefire-testng-utils-3.0.0-M6.jar:/Users/solvd/.m2/repository/org/apache/maven/surefire/surefire-grouper/3.0.0-M6/surefire-grouper-3.0.0-M6.jar"/>
    <property name="java.vm.vendor" value="Oracle Corporation"/>
    <property name="sun.arch.data.model" value="64"/>
    <property name="java.vendor.url" value="https://java.oracle.com/"/>
    <property name="user.timezone" value="America/Argentina/Buenos_Aires"/>
    <property name="os.name" value="Mac OS X"/>
    <property name="java.vm.specification.version" value="21"/>
    <property name="reporting.enabled" value="false"/>
    <property name="sun.java.launcher" value="SUN_STANDARD"/>
    <property name="user.country" value="419"/>
    <property name="sun.boot.library.path" value="/Library/Java/JavaVirtualMachines/jdk-21.jdk/Contents/Home/lib"/>
    <property name="sun.java.command" value="org.apache.maven.surefire.booter.ForkedBooter /Users/solvd/Desktop/Java/CucumberPostEducation/CucumberProject/target/surefire 2024-03-25T17-23-15_221-jvmRun1 surefire4961321968635119557tmp surefire_012683388132210859953tmp"/>
    <property name="http.nonProxyHosts" value="local|*.local|169.254/16|*.169.254/16"/>
    <property name="jdk.debug" value="release"/>
    <property name="surefire.test.class.path" value="/Users/solvd/Desktop/Java/CucumberPostEducation/CucumberProject/target/test-classes:/Users/solvd/Desktop/Java/CucumberPostEducation/CucumberProject/target/classes:/Users/solvd/.m2/repository/com/zebrunner/carina-cucumber/1.0.0/carina-cucumber-1.0.0.jar:/Users/solvd/.m2/repository/com/google/guava/guava/31.1-jre/guava-31.1-jre.jar:/Users/solvd/.m2/repository/com/google/guava/failureaccess/1.0.1/failureaccess-1.0.1.jar:/Users/solvd/.m2/repository/com/google/guava/listenablefuture/9999.0-empty-to-avoid-conflict-with-guava/listenablefuture-9999.0-empty-to-avoid-conflict-with-guava.jar:/Users/solvd/.m2/repository/com/google/code/findbugs/jsr305/3.0.2/jsr305-3.0.2.jar:/Users/solvd/.m2/repository/org/checkerframework/checker-qual/3.12.0/checker-qual-3.12.0.jar:/Users/solvd/.m2/repository/com/google/errorprone/error_prone_annotations/2.11.0/error_prone_annotations-2.11.0.jar:/Users/solvd/.m2/repository/com/google/j2objc/j2objc-annotations/1.3/j2objc-annotations-1.3.jar:/Users/solvd/.m2/repository/io/cucumber/cucumber-testng/7.9.0/cucumber-testng-7.9.0.jar:/Users/solvd/.m2/repository/org/apiguardian/apiguardian-api/1.1.2/apiguardian-api-1.1.2.jar:/Users/solvd/.m2/repository/io/cucumber/cucumber-core/7.9.0/cucumber-core-7.9.0.jar:/Users/solvd/.m2/repository/io/cucumber/cucumber-gherkin/7.9.0/cucumber-gherkin-7.9.0.jar:/Users/solvd/.m2/repository/io/cucumber/cucumber-gherkin-messages/7.9.0/cucumber-gherkin-messages-7.9.0.jar:/Users/solvd/.m2/repository/io/cucumber/gherkin/24.1.0/gherkin-24.1.0.jar:/Users/solvd/.m2/repository/io/cucumber/messages/19.1.4/messages-19.1.4.jar:/Users/solvd/.m2/repository/io/cucumber/tag-expressions/4.1.0/tag-expressions-4.1.0.jar:/Users/solvd/.m2/repository/io/cucumber/cucumber-expressions/16.0.0/cucumber-expressions-16.0.0.jar:/Users/solvd/.m2/repository/io/cucumber/datatable/7.9.0/datatable-7.9.0.jar:/Users/solvd/.m2/repository/io/cucumber/cucumber-plugin/7.9.0/cucumber-plugin-7.9.0.jar:/Users/solvd/.m2/repository/io/cucumber/docstring/7.9.0/docstring-7.9.0.jar:/Users/solvd/.m2/repository/io/cucumber/html-formatter/20.1.0/html-formatter-20.1.0.jar:/Users/solvd/.m2/repository/io/cucumber/ci-environment/9.1.0/ci-environment-9.1.0.jar:/Users/solvd/.m2/repository/org/testng/testng/7.6.1/testng-7.6.1.jar:/Users/solvd/.m2/repository/com/beust/jcommander/1.82/jcommander-1.82.jar:/Users/solvd/.m2/repository/org/webjars/jquery/3.6.0/jquery-3.6.0.jar:/Users/solvd/.m2/repository/io/cucumber/cucumber-java/7.9.0/cucumber-java-7.9.0.jar:/Users/solvd/.m2/repository/net/masterthought/cucumber-reporting/5.7.5/cucumber-reporting-5.7.5.jar:/Users/solvd/.m2/repository/com/fasterxml/jackson/core/jackson-databind/2.13.2.2/jackson-databind-2.13.2.2.jar:/Users/solvd/.m2/repository/com/fasterxml/jackson/core/jackson-annotations/2.13.2/jackson-annotations-2.13.2.jar:/Users/solvd/.m2/repository/com/fasterxml/jackson/core/jackson-core/2.13.2/jackson-core-2.13.2.jar:/Users/solvd/.m2/repository/com/fasterxml/jackson/datatype/jackson-datatype-jsr310/2.13.2/jackson-datatype-jsr310-2.13.2.jar:/Users/solvd/.m2/repository/org/apache/velocity/velocity-engine-core/2.3/velocity-engine-core-2.3.jar:/Users/solvd/.m2/repository/org/apache/commons/commons-collections4/4.4/commons-collections4-4.4.jar:/Users/solvd/.m2/repository/joda-time/joda-time/2.12.2/joda-time-2.12.2.jar:/Users/solvd/.m2/repository/org/apache/commons/commons-lang3/3.12.0/commons-lang3-3.12.0.jar:/Users/solvd/.m2/repository/commons-io/commons-io/2.7/commons-io-2.7.jar:/Users/solvd/.m2/repository/org/codehaus/plexus/plexus-utils/3.5.0/plexus-utils-3.5.0.jar:/Users/solvd/.m2/repository/org/jsoup/jsoup/1.15.4/jsoup-1.15.4.jar:/Users/solvd/.m2/repository/com/googlecode/owasp-java-html-sanitizer/owasp-java-html-sanitizer/20220608.1/owasp-java-html-sanitizer-20220608.1.jar:/Users/solvd/.m2/repository/commons-configuration/commons-configuration/1.10/commons-configuration-1.10.jar:/Users/solvd/.m2/repository/commons-lang/commons-lang/2.6/commons-lang-2.6.jar:/Users/solvd/.m2/repository/commons-logging/commons-logging/1.1.1/commons-logging-1.1.1.jar:/Users/solvd/.m2/repository/com/zebrunner/carina-core/1.0.0/carina-core-1.0.0.jar:/Users/solvd/.m2/repository/com/zebrunner/carina-webdriver/1.0.2/carina-webdriver-1.0.2.jar:/Users/solvd/.m2/repository/com/zebrunner/carina-commons/1.0.2/carina-commons-1.0.2.jar:/Users/solvd/.m2/repository/com/zebrunner/carina-proxy/1.0.1/carina-proxy-1.0.1.jar:/Users/solvd/.m2/repository/com/browserup/browserup-proxy-core/2.1.2/browserup-proxy-core-2.1.2.jar:/Users/solvd/.m2/repository/xyz/rogfam/littleproxy/2.0.0-beta-5/littleproxy-2.0.0-beta-5.jar:/Users/solvd/.m2/repository/com/barchart/udt/barchart-udt-bundle/2.3.0/barchart-udt-bundle-2.3.0.jar:/Users/solvd/.m2/repository/com/browserup/browserup-proxy-mitm/2.1.2/browserup-proxy-mitm-2.1.2.jar:/Users/solvd/.m2/repository/com/jcraft/jzlib/1.1.3/jzlib-1.1.3.jar:/Users/solvd/.m2/repository/dnsjava/dnsjava/3.1.0/dnsjava-3.1.0.jar:/Users/solvd/.m2/repository/org/bouncycastle/bcpkix-jdk15on/1.64/bcpkix-jdk15on-1.64.jar:/Users/solvd/.m2/repository/org/bouncycastle/bcprov-jdk15on/1.64/bcprov-jdk15on-1.64.jar:/Users/solvd/.m2/repository/org/brotli/dec/0.1.2/dec-0.1.2.jar:/Users/solvd/.m2/repository/org/slf4j/jcl-over-slf4j/1.7.30/jcl-over-slf4j-1.7.30.jar:/Users/solvd/.m2/repository/io/netty/netty-all/4.1.80.Final/netty-all-4.1.80.Final.jar:/Users/solvd/.m2/repository/io/netty/netty-codec/4.1.80.Final/netty-codec-4.1.80.Final.jar:/Users/solvd/.m2/repository/io/netty/netty-codec-dns/4.1.80.Final/netty-codec-dns-4.1.80.Final.jar:/Users/solvd/.m2/repository/io/netty/netty-codec-haproxy/4.1.80.Final/netty-codec-haproxy-4.1.80.Final.jar:/Users/solvd/.m2/repository/io/netty/netty-codec-http2/4.1.80.Final/netty-codec-http2-4.1.80.Final.jar:/Users/solvd/.m2/repository/io/netty/netty-codec-memcache/4.1.80.Final/netty-codec-memcache-4.1.80.Final.jar:/Users/solvd/.m2/repository/io/netty/netty-codec-mqtt/4.1.80.Final/netty-codec-mqtt-4.1.80.Final.jar:/Users/solvd/.m2/repository/io/netty/netty-codec-redis/4.1.80.Final/netty-codec-redis-4.1.80.Final.jar:/Users/solvd/.m2/repository/io/netty/netty-codec-smtp/4.1.80.Final/netty-codec-smtp-4.1.80.Final.jar:/Users/solvd/.m2/repository/io/netty/netty-codec-socks/4.1.80.Final/netty-codec-socks-4.1.80.Final.jar:/Users/solvd/.m2/repository/io/netty/netty-codec-stomp/4.1.80.Final/netty-codec-stomp-4.1.80.Final.jar:/Users/solvd/.m2/repository/io/netty/netty-codec-xml/4.1.80.Final/netty-codec-xml-4.1.80.Final.jar:/Users/solvd/.m2/repository/io/netty/netty-handler/4.1.80.Final/netty-handler-4.1.80.Final.jar:/Users/solvd/.m2/repository/io/netty/netty-handler-proxy/4.1.80.Final/netty-handler-proxy-4.1.80.Final.jar:/Users/solvd/.m2/repository/io/netty/netty-resolver/4.1.80.Final/netty-resolver-4.1.80.Final.jar:/Users/solvd/.m2/repository/io/netty/netty-resolver-dns/4.1.80.Final/netty-resolver-dns-4.1.80.Final.jar:/Users/solvd/.m2/repository/io/netty/netty-transport-rxtx/4.1.80.Final/netty-transport-rxtx-4.1.80.Final.jar:/Users/solvd/.m2/repository/io/netty/netty-transport-sctp/4.1.80.Final/netty-transport-sctp-4.1.80.Final.jar:/Users/solvd/.m2/repository/io/netty/netty-transport-udt/4.1.80.Final/netty-transport-udt-4.1.80.Final.jar:/Users/solvd/.m2/repository/io/netty/netty-resolver-dns-classes-macos/4.1.80.Final/netty-resolver-dns-classes-macos-4.1.80.Final.jar:/Users/solvd/.m2/repository/io/netty/netty-transport-native-epoll/4.1.80.Final/netty-transport-native-epoll-4.1.80.Final-linux-x86_64.jar:/Users/solvd/.m2/repository/io/netty/netty-transport-native-epoll/4.1.80.Final/netty-transport-native-epoll-4.1.80.Final-linux-aarch_64.jar:/Users/solvd/.m2/repository/io/netty/netty-transport-native-kqueue/4.1.80.Final/netty-transport-native-kqueue-4.1.80.Final-osx-x86_64.jar:/Users/solvd/.m2/repository/io/netty/netty-transport-native-kqueue/4.1.80.Final/netty-transport-native-kqueue-4.1.80.Final-osx-aarch_64.jar:/Users/solvd/.m2/repository/io/netty/netty-resolver-dns-native-macos/4.1.80.Final/netty-resolver-dns-native-macos-4.1.80.Final-osx-x86_64.jar:/Users/solvd/.m2/repository/io/netty/netty-resolver-dns-native-macos/4.1.80.Final/netty-resolver-dns-native-macos-4.1.80.Final-osx-aarch_64.jar:/Users/solvd/.m2/repository/io/netty/netty-tcnative-classes/2.0.54.Final/netty-tcnative-classes-2.0.54.Final.jar:/Users/solvd/.m2/repository/org/seleniumhq/selenium/selenium-support/4.4.0/selenium-support-4.4.0.jar:/Users/solvd/.m2/repository/com/google/auto/service/auto-service-annotations/1.0.1/auto-service-annotations-1.0.1.jar:/Users/solvd/.m2/repository/com/google/auto/service/auto-service/1.0.1/auto-service-1.0.1.jar:/Users/solvd/.m2/repository/com/google/auto/auto-common/1.2/auto-common-1.2.jar:/Users/solvd/.m2/repository/org/seleniumhq/selenium/selenium-json/4.4.0/selenium-json-4.4.0.jar:/Users/solvd/.m2/repository/org/seleniumhq/selenium/selenium-api/4.4.0/selenium-api-4.4.0.jar:/Users/solvd/.m2/repository/org/seleniumhq/selenium/selenium-remote-driver/4.4.0/selenium-remote-driver-4.4.0.jar:/Users/solvd/.m2/repository/io/netty/netty-buffer/4.1.78.Final/netty-buffer-4.1.78.Final.jar:/Users/solvd/.m2/repository/io/netty/netty-codec-http/4.1.78.Final/netty-codec-http-4.1.78.Final.jar:/Users/solvd/.m2/repository/io/netty/netty-common/4.1.78.Final/netty-common-4.1.78.Final.jar:/Users/solvd/.m2/repository/io/netty/netty-transport-classes-epoll/4.1.78.Final/netty-transport-classes-epoll-4.1.78.Final.jar:/Users/solvd/.m2/repository/io/netty/netty-transport-classes-kqueue/4.1.78.Final/netty-transport-classes-kqueue-4.1.78.Final.jar:/Users/solvd/.m2/repository/io/netty/netty-transport-native-epoll/4.1.78.Final/netty-transport-native-epoll-4.1.78.Final.jar:/Users/solvd/.m2/repository/io/netty/netty-transport-native-kqueue/4.1.78.Final/netty-transport-native-kqueue-4.1.78.Final.jar:/Users/solvd/.m2/repository/io/netty/netty-transport-native-unix-common/4.1.78.Final/netty-transport-native-unix-common-4.1.78.Final.jar:/Users/solvd/.m2/repository/io/netty/netty-transport/4.1.78.Final/netty-transport-4.1.78.Final.jar:/Users/solvd/.m2/repository/io/opentelemetry/opentelemetry-api/1.16.0/opentelemetry-api-1.16.0.jar:/Users/solvd/.m2/repository/io/opentelemetry/opentelemetry-context/1.16.0/opentelemetry-context-1.16.0.jar:/Users/solvd/.m2/repository/io/opentelemetry/opentelemetry-exporter-logging/1.16.0/opentelemetry-exporter-logging-1.16.0.jar:/Users/solvd/.m2/repository/io/opentelemetry/opentelemetry-sdk-metrics/1.16.0/opentelemetry-sdk-metrics-1.16.0.jar:/Users/solvd/.m2/repository/io/opentelemetry/opentelemetry-sdk-logs/1.16.0-alpha/opentelemetry-sdk-logs-1.16.0-alpha.jar:/Users/solvd/.m2/repository/io/opentelemetry/opentelemetry-sdk-common/1.16.0/opentelemetry-sdk-common-1.16.0.jar:/Users/solvd/.m2/repository/io/opentelemetry/opentelemetry-sdk-extension-autoconfigure-spi/1.16.0/opentelemetry-sdk-extension-autoconfigure-spi-1.16.0.jar:/Users/solvd/.m2/repository/io/opentelemetry/opentelemetry-sdk-extension-autoconfigure/1.16.0-alpha/opentelemetry-sdk-extension-autoconfigure-1.16.0-alpha.jar:/Users/solvd/.m2/repository/io/opentelemetry/opentelemetry-sdk-trace/1.16.0/opentelemetry-sdk-trace-1.16.0.jar:/Users/solvd/.m2/repository/io/opentelemetry/opentelemetry-sdk/1.16.0/opentelemetry-sdk-1.16.0.jar:/Users/solvd/.m2/repository/io/opentelemetry/opentelemetry-semconv/1.16.0-alpha/opentelemetry-semconv-1.16.0-alpha.jar:/Users/solvd/.m2/repository/io/ous/jtoml/2.0.0/jtoml-2.0.0.jar:/Users/solvd/.m2/repository/org/apache/commons/commons-exec/1.3/commons-exec-1.3.jar:/Users/solvd/.m2/repository/org/asynchttpclient/async-http-client/2.12.3/async-http-client-2.12.3.jar:/Users/solvd/.m2/repository/org/asynchttpclient/async-http-client-netty-utils/2.12.3/async-http-client-netty-utils-2.12.3.jar:/Users/solvd/.m2/repository/org/reactivestreams/reactive-streams/1.0.3/reactive-streams-1.0.3.jar:/Users/solvd/.m2/repository/com/typesafe/netty/netty-reactive-streams/2.0.4/netty-reactive-streams-2.0.4.jar:/Users/solvd/.m2/repository/com/sun/activation/jakarta.activation/1.2.2/jakarta.activation-1.2.2.jar:/Users/solvd/.m2/repository/org/seleniumhq/selenium/selenium-http/4.4.0/selenium-http-4.4.0.jar:/Users/solvd/.m2/repository/dev/failsafe/failsafe/3.2.4/failsafe-3.2.4.jar:/Users/solvd/.m2/repository/org/seleniumhq/selenium/selenium-firefox-driver/4.4.0/selenium-firefox-driver-4.4.0.jar:/Users/solvd/.m2/repository/org/seleniumhq/selenium/selenium-devtools-v85/4.4.0/selenium-devtools-v85-4.4.0.jar:/Users/solvd/.m2/repository/org/seleniumhq/selenium/selenium-chrome-driver/4.4.0/selenium-chrome-driver-4.4.0.jar:/Users/solvd/.m2/repository/org/seleniumhq/selenium/selenium-chromium-driver/4.4.0/selenium-chromium-driver-4.4.0.jar:/Users/solvd/.m2/repository/io/appium/java-client/8.2.0/java-client-8.2.0.jar:/Users/solvd/.m2/repository/commons-codec/commons-codec/1.15/commons-codec-1.15.jar:/Users/solvd/.m2/repository/cglib/cglib/3.3.0/cglib-3.3.0.jar:/Users/solvd/.m2/repository/org/ow2/asm/asm/7.1/asm-7.1.jar:/Users/solvd/.m2/repository/commons-validator/commons-validator/1.7/commons-validator-1.7.jar:/Users/solvd/.m2/repository/commons-digester/commons-digester/2.1/commons-digester-2.1.jar:/Users/solvd/.m2/repository/ru/yandex/qatools/ashot/ashot/1.5.4/ashot-1.5.4.jar:/Users/solvd/.m2/repository/com/itextpdf/itextpdf/5.5.13.3/itextpdf-5.5.13.3.jar:/Users/solvd/.m2/repository/org/reflections/reflections/0.9.10/reflections-0.9.10.jar:/Users/solvd/.m2/repository/org/javassist/javassist/3.19.0-GA/javassist-3.19.0-GA.jar:/Users/solvd/.m2/repository/com/google/code/findbugs/annotations/2.0.1/annotations-2.0.1.jar:/Users/solvd/.m2/repository/com/sun/jersey/jersey-core/1.19.4/jersey-core-1.19.4.jar:/Users/solvd/.m2/repository/javax/ws/rs/jsr311-api/1.1.1/jsr311-api-1.1.1.jar:/Users/solvd/.m2/repository/commons-collections/commons-collections/3.2.2/commons-collections-3.2.2.jar:/Users/solvd/.m2/repository/org/hamcrest/hamcrest-core/1.3/hamcrest-core-1.3.jar:/Users/solvd/.m2/repository/org/hamcrest/hamcrest-all/1.3/hamcrest-all-1.3.jar:/Users/solvd/.m2/repository/org/json/json/20160810/json-20160810.jar:/Users/solvd/.m2/repository/com/zebrunner/carina-utils/1.0.3/carina-utils-1.0.3.jar:/Users/solvd/.m2/repository/com/zebrunner/carina-crypto/1.0.1/carina-crypto-1.0.1.jar:/Users/solvd/.m2/repository/commons-cli/commons-cli/1.5.0/commons-cli-1.5.0.jar:/Users/solvd/.m2/repository/com/sun/jna/jna/3.0.9/jna-3.0.9.jar:/Users/solvd/.m2/repository/org/apache/pdfbox/pdfbox/2.0.24/pdfbox-2.0.24.jar:/Users/solvd/.m2/repository/org/apache/pdfbox/fontbox/2.0.24/fontbox-2.0.24.jar:/Users/solvd/.m2/repository/org/mongodb/mongo-java-driver/2.11.3/mongo-java-driver-2.11.3.jar:/Users/solvd/.m2/repository/commons-net/commons-net/3.9.0/commons-net-3.9.0.jar:/Users/solvd/.m2/repository/org/imgscalr/imgscalr-lib/4.2/imgscalr-lib-4.2.jar:/Users/solvd/.m2/repository/com/google/code/gson/gson/2.9.0/gson-2.9.0.jar:/Users/solvd/.m2/repository/javax/xml/bind/jaxb-api/2.2.2/jaxb-api-2.2.2.jar:/Users/solvd/.m2/repository/javax/xml/stream/stax-api/1.0-2/stax-api-1.0-2.jar:/Users/solvd/.m2/repository/javax/activation/activation/1.1/activation-1.1.jar:/Users/solvd/.m2/repository/org/apache/poi/poi-ooxml/4.1.2/poi-ooxml-4.1.2.jar:/Users/solvd/.m2/repository/org/apache/poi/poi/4.1.2/poi-4.1.2.jar:/Users/solvd/.m2/repository/org/apache/commons/commons-math3/3.6.1/commons-math3-3.6.1.jar:/Users/solvd/.m2/repository/com/zaxxer/SparseBitSet/1.2/SparseBitSet-1.2.jar:/Users/solvd/.m2/repository/org/apache/poi/poi-ooxml-schemas/4.1.2/poi-ooxml-schemas-4.1.2.jar:/Users/solvd/.m2/repository/org/apache/xmlbeans/xmlbeans/3.1.0/xmlbeans-3.1.0.jar:/Users/solvd/.m2/repository/org/apache/commons/commons-compress/1.19/commons-compress-1.19.jar:/Users/solvd/.m2/repository/com/github/virtuald/curvesapi/1.06/curvesapi-1.06.jar:/Users/solvd/.m2/repository/com/zebrunner/agent-testng-pluggable/1.9.3/agent-testng-pluggable-1.9.3.jar:/Users/solvd/.m2/repository/com/zebrunner/agent-core/1.9.3/agent-core-1.9.3.jar:/Users/solvd/.m2/repository/com/konghq/unirest-java/3.13.10/unirest-java-3.13.10.jar:/Users/solvd/.m2/repository/org/apache/httpcomponents/httpclient/4.5.13/httpclient-4.5.13.jar:/Users/solvd/.m2/repository/org/apache/httpcomponents/httpcore/4.4.13/httpcore-4.4.13.jar:/Users/solvd/.m2/repository/org/apache/httpcomponents/httpmime/4.5.13/httpmime-4.5.13.jar:/Users/solvd/.m2/repository/org/apache/httpcomponents/httpcore-nio/4.4.13/httpcore-nio-4.4.13.jar:/Users/solvd/.m2/repository/org/apache/httpcomponents/httpasyncclient/4.1.5/httpasyncclient-4.1.5.jar:/Users/solvd/.m2/repository/org/yaml/snakeyaml/1.30/snakeyaml-1.30.jar:/Users/solvd/.m2/repository/org/apache/logging/log4j/log4j-slf4j-impl/2.17.1/log4j-slf4j-impl-2.17.1.jar:/Users/solvd/.m2/repository/com/nordstrom/tools/testng-foundation/2.0.1/testng-foundation-2.0.1.jar:/Users/solvd/.m2/repository/com/nordstrom/tools/java-utils/1.9.3/java-utils-1.9.3.jar:/Users/solvd/.m2/repository/com/nordstrom/tools/settings/2.3.3/settings-2.3.3.jar:/Users/solvd/.m2/repository/org/apache/commons/commons-configuration2/2.3/commons-configuration2-2.3.jar:/Users/solvd/.m2/repository/commons-beanutils/commons-beanutils/1.9.4/commons-beanutils-1.9.4.jar:/Users/solvd/.m2/repository/org/slf4j/slf4j-api/1.7.30/slf4j-api-1.7.30.jar:/Users/solvd/.m2/repository/org/apache/logging/log4j/log4j-api/2.17.1/log4j-api-2.17.1.jar:/Users/solvd/.m2/repository/org/apache/logging/log4j/log4j-core/2.17.1/log4j-core-2.17.1.jar:/Users/solvd/.m2/repository/net/bytebuddy/byte-buddy/1.12.10/byte-buddy-1.12.10.jar:"/>
    <property name="sun.cpu.endian" value="little"/>
    <property name="user.home" value="/Users/solvd"/>
    <property name="user.language" value="es"/>
    <property name="java.specification.vendor" value="Oracle Corporation"/>
    <property name="java.version.date" value="2024-01-16"/>
    <property name="java.home" value="/Library/Java/JavaVirtualMachines/jdk-21.jdk/Contents/Home"/>
    <property name="file.separator" value="/"/>
    <property name="basedir" value="/Users/solvd/Desktop/Java/CucumberPostEducation/CucumberProject"/>
    <property name="java.vm.compressedOopsMode" value="Zero based"/>
    <property name="line.separator" value="&#10;"/>
    <property name="java.vm.specification.vendor" value="Oracle Corporation"/>
    <property name="java.specification.name" value="Java Platform API Specification"/>
    <property name="reporting.server.hostname" value=""/>
    <property name="apple.awt.application.name" value="ForkedBooter"/>
    <property name="sun.management.compiler" value="HotSpot 64-Bit Tiered Compilers"/>
    <property name="ftp.nonProxyHosts" value="local|*.local|169.254/16|*.169.254/16"/>
    <property name="java.runtime.version" value="21.0.2+13-LTS-58"/>
    <property name="user.name" value="solvd"/>
    <property name="reporting.projectKey" value="DEF"/>
    <property name="stdout.encoding" value="US-ASCII"/>
    <property name="path.separator" value=":"/>
    <property name="os.version" value="14.3.1"/>
    <property name="java.runtime.name" value="Java(TM) SE Runtime Environment"/>
    <property name="file.encoding" value="UTF-8"/>
    <property name="java.vm.name" value="Java HotSpot(TM) 64-Bit Server VM"/>
    <property name="reporting.server.accessToken" value=""/>
    <property name="localRepository" value="/Users/solvd/.m2/repository"/>
    <property name="java.vendor.url.bug" value="https://bugreport.java.com/bugreport/"/>
    <property name="java.io.tmpdir" value="/var/folders/m9/_tqykhhn5lg_66stmphf9npm0000gn/T/"/>
    <property name="java.version" value="21.0.2"/>
    <property name="user.dir" value="/Users/solvd/Desktop/Java/CucumberPostEducation/CucumberProject"/>
    <property name="os.arch" value="aarch64"/>
    <property name="java.vm.specification.name" value="Java Virtual Machine Specification"/>
    <property name="native.encoding" value="US-ASCII"/>
    <property name="java.library.path" value="/Users/solvd/Library/Java/Extensions:/Library/Java/Extensions:/Network/Library/Java/Extensions:/System/Library/Java/Extensions:/usr/lib/java:."/>
    <property name="java.vm.info" value="mixed mode, sharing"/>
    <property name="stderr.encoding" value="US-ASCII"/>
    <property name="java.vendor" value="Oracle Corporation"/>
    <property name="java.vm.version" value="21.0.2+13-LTS-58"/>
    <property name="sun.io.unicode.encoding" value="UnicodeBig"/>
    <property name="socksNonProxyHosts" value="local|*.local|169.254/16|*.169.254/16"/>
    <property name="java.class.version" value="65.0"/>
    <property name="reporting.run.environment" value="DEMO"/>
  </properties>
  <testcase name="helloWorld" classname="com.solvd.posteducation.cucumber.carina.demo.HelloWorld" time="0.053">
    <system-out><![CDATA[WARN! Value not resolved by key: log_all_json
WARN! Value not resolved by key: s3_region
WARN! Value not resolved by key: azure_container_name
WARN! Value not resolved by key: appcenter_token
WARN! Value not resolved by key: ignore_ssl
2024-03-25 17:23:21 CarinaListener [main] [INFO] 
============= Test configuration =============
url=https://www.gsmarena.com
env=DEMO
selenium_url=http://localhost:4444/wd/hub
auto_screenshot=true
retry_interval=5
project_report_directory=./reports
max_screen_history=10
localization_encoding=UTF-8
language=en_US
selenium_url=http://localhost:4444/wd/hub

------------- Driver capabilities -----------
capabilities.browserName=chrome
================================================

2024-03-25 17:23:21 TestRunRegistrar [main-1] [WARN] Reporting disabled: using no op test run registrar
2024-03-25 17:23:22 CarinaListener [main-1] [INFO] Set thread-count=1
2024-03-25 17:23:22 CarinaListener [main-1] [INFO] Set data-provider-thread-count=1
2024-03-25 17:23:22 CarinaListener [main-1] [INFO] CARINA_CORE_VERSION: 1.0.0
2024-03-25 17:23:22 TestRunRegistrar [TestNG-test=Hello World test-1] [WARN] Reporting disabled: using no op test run registrar
2024-03-25 17:23:22 Messager [TestNG-test=Hello World test-1-35] [INFO] TEST [Hello World test - helloWorld] STARTED at [17:23:22 2024-03-25]
2024-03-25 17:23:22 HelloWorld [TestNG-test=Hello World test-1-35] [INFO] Hello World!
2024-03-25 17:23:22 Messager [TestNG-test=Hello World test-1-35] [INFO] TEST [Hello World test - helloWorld] PASSED at [17:23:22 2024-03-25]
]]></system-out>
  </testcase>
</testsuite>