<?xml version="1.0" encoding="UTF-8"?>
<!-- Generated by org.testng.reporters.JUnitReportReporter -->
<testsuite hostname="solvds-MacBook-Pro.local" failures="0" tests="1" name="com.solvd.posteducation.cucumber.carina.demo.HelloWorld" time="0.020" errors="0" timestamp="2024-03-25T17:23:23 ART" skipped="0">
  <testcase classname="com.solvd.posteducation.cucumber.carina.demo.HelloWorld" name="helloWorld" time="0.020"/>
  <system-out/>
</testsuite> <!-- com.solvd.posteducation.cucumber.carina.demo.HelloWorld -->
